Using pre-set license
Built from '2020.3/staging' branch; Version is '2020.3.16f1 (049d6eca3c44) revision 302446'; Using compiler version '192528614'; Build Type 'Release'
OS: 'Windows 10 Home; OS build 19042.1165; Version 2009; 64bit' Language: 'ko' Physical Memory: 24454 MB
BatchMode: 1, IsHumanControllingUs: 0, StartBugReporterOnCrash: 0, Is64bit: 1, IsPro: 0

 COMMAND LINE ARGUMENTS:
C:\Program Files\2020.3.16f1\Editor\Unity.exe
-adb2
-batchMode
-noUpm
-name
AssetImportWorker0
-projectPath
C:/Users/jiku9/Desktop/isometric tilemap
-logFile
Logs/AssetImportWorker0.log
-srvPort
54679
Successfully changed project path to: C:/Users/jiku9/Desktop/isometric tilemap
C:/Users/jiku9/Desktop/isometric tilemap
Using Asset Import Pipeline V2.
Refreshing native plugins compatible for Editor in 38.02 ms, found 3 plugins.
Preloading 0 native plugins for Editor in 0.00 ms.
Initialize engine version: 2020.3.16f1 (049d6eca3c44)
[Subsystems] Discovering subsystems at path C:/Program Files/2020.3.16f1/Editor/Data/Resources/UnitySubsystems
[Subsystems] Discovering subsystems at path C:/Users/jiku9/Desktop/isometric tilemap/Assets
GfxDevice: creating device client; threaded=0
Direct3D:
    Version:  Direct3D 11.0 [level 11.1]
    Renderer: NVIDIA GeForce GTX 1060 6GB (ID=0x1c03)
    Vendor:   
    VRAM:     6052 MB
    Driver:   27.21.14.6192
Initialize mono
Mono path[0] = 'C:/Program Files/2020.3.16f1/Editor/Data/Managed'
Mono path[1] = 'C:/Program Files/2020.3.16f1/Editor/Data/MonoBleedingEdge/lib/mono/unityjit'
Mono config path = 'C:/Program Files/2020.3.16f1/Editor/Data/MonoBleedingEdge/etc'
Using monoOptions --debugger-agent=transport=dt_socket,embedding=1,server=y,suspend=n,address=127.0.0.1:56660
Begin MonoManager ReloadAssembly
Registering precompiled unity dll's ...
Register platform support module: C:/Program Files/2020.3.16f1/Editor/Data/PlaybackEngines/WebGLSupport/UnityEditor.WebGL.Extensions.dll
Register platform support module: C:/Program Files/2020.3.16f1/Editor/Data/PlaybackEngines/WindowsStandaloneSupport/UnityEditor.WindowsStandalone.Extensions.dll
Registered in 0.002485 seconds.
Native extension for WindowsStandalone target not found
Native extension for WebGL target not found
Refreshing native plugins compatible for Editor in 37.14 ms, found 3 plugins.
Preloading 0 native plugins for Editor in 0.00 ms.
Mono: successfully reloaded assembly
- Completed reload, in  0.952 seconds
Domain Reload Profiling:
	ReloadAssembly (952ms)
		BeginReloadAssembly (50ms)
			ExecutionOrderSort (0ms)
			DisableScriptedObjects (0ms)
			BackupInstance (0ms)
			ReleaseScriptingObjects (0ms)
			CreateAndSetChildDomain (1ms)
		EndReloadAssembly (353ms)
			LoadAssemblies (48ms)
			RebuildTransferFunctionScriptingTraits (0ms)
			SetupTypeCache (124ms)
			ReleaseScriptCaches (0ms)
			RebuildScriptCaches (24ms)
			SetupLoadedEditorAssemblies (138ms)
				LogAssemblyErrors (0ms)
				InitializePlatformSupportModulesInManaged (4ms)
				SetLoadedEditorAssemblies (0ms)
				RefreshPlugins (37ms)
				BeforeProcessingInitializeOnLoad (11ms)
				ProcessInitializeOnLoadAttributes (63ms)
				ProcessInitializeOnLoadMethodAttributes (22ms)
				AfterProcessingInitializeOnLoad (0ms)
				EditorAssembliesLoaded (0ms)
			ExecutionOrderSort2 (0ms)
			AwakeInstancesAfterBackupRestoration (0ms)
Platform modules already initialized, skipping
Registering precompiled user dll's ...
Registered in 0.004244 seconds.
Begin MonoManager ReloadAssembly
Native extension for WindowsStandalone target not found
Native extension for WebGL target not found
Refreshing native plugins compatible for Editor in 37.21 ms, found 3 plugins.
Preloading 0 native plugins for Editor in 0.00 ms.
Mono: successfully reloaded assembly
- Completed reload, in  0.988 seconds
Domain Reload Profiling:
	ReloadAssembly (989ms)
		BeginReloadAssembly (129ms)
			ExecutionOrderSort (0ms)
			DisableScriptedObjects (4ms)
			BackupInstance (0ms)
			ReleaseScriptingObjects (0ms)
			CreateAndSetChildDomain (16ms)
		EndReloadAssembly (807ms)
			LoadAssemblies (82ms)
			RebuildTransferFunctionScriptingTraits (0ms)
			SetupTypeCache (242ms)
			ReleaseScriptCaches (0ms)
			RebuildScriptCaches (39ms)
			SetupLoadedEditorAssemblies (347ms)
				LogAssemblyErrors (0ms)
				InitializePlatformSupportModulesInManaged (3ms)
				SetLoadedEditorAssemblies (0ms)
				RefreshPlugins (37ms)
				BeforeProcessingInitializeOnLoad (62ms)
				ProcessInitializeOnLoadAttributes (227ms)
				ProcessInitializeOnLoadMethodAttributes (10ms)
				AfterProcessingInitializeOnLoad (6ms)
				EditorAssembliesLoaded (0ms)
			ExecutionOrderSort2 (0ms)
			AwakeInstancesAfterBackupRestoration (5ms)
Platform modules already initialized, skipping
========================================================================
Worker process is ready to serve import requests
Launched and connected shader compiler UnityShaderCompiler.exe after 0.06 seconds
Refreshing native plugins compatible for Editor in 0.47 ms, found 3 plugins.
Preloading 0 native plugins for Editor in 0.00 ms.
Unloading 2093 Unused Serialized files (Serialized files now loaded: 0)
System memory in use before: 93.6 MB.
System memory in use after: 93.7 MB.

Unloading 28 unused Assets to reduce memory usage. Loaded Objects now: 2532.
Total: 2.772700 ms (FindLiveObjects: 0.264300 ms CreateObjectMapping: 0.121200 ms MarkObjects: 2.330300 ms  DeleteObjects: 0.055400 ms)

AssetImportParameters requested are different than current active one (requested -> active):
  custom:framework-win-MediaFoundation: 216162199b28c13a410421893ffa2e32 -> 
  custom:video-decoder-ogg-theora: a1e56fd34408186e4bbccfd4996cb3dc -> 
  custom:container-muxer-webm: aa71ff27fc2769a1b78a27578f13a17b -> 
  custom:container-demuxer-webm: 4f35f7cbe854078d1ac9338744f61a02 -> 
  custom:container-demuxer-ogg: 62fdf1f143b41e24485cea50d1cbac27 -> 
  custom:video-encoder-webm-vp8: eb34c28f22e8b96e1ab97ce403110664 -> 
  custom:video-decoder-webm-vp8: 9c59270c3fd7afecdb556c50c9e8de78 -> 
  custom:audio-decoder-ogg-vorbis: bf7c407c2cedff20999df2af8eb42d56 -> 
  custom:audio-encoder-webm-vorbis: bf7c407c2cedff20999df2af8eb42d56 -> 
========================================================================
Received Import Request.
  path: Assets/Sprites/Temple/Flat/temple-sliced_17.png
  artifactKey: Guid(5582e64e5ea94934baf9aa4e48ce7666) Importer(815301076,1909f56bfc062723c751e8b465ee728b)
Start importing Assets/Sprites/Temple/Flat/temple-sliced_17.png using Guid(5582e64e5ea94934baf9aa4e48ce7666) Importer(815301076,1909f56bfc062723c751e8b465ee728b)  -> (artifact id: '51455d0eea747f503d34c583ba72efea') in 0.128111 seconds 
  Import took 0.131233 seconds .

========================================================================
Received Import Request.
  Time since last request: 0.000170 seconds.
  path: Assets/Sprites/Temple/Flat/temple-sliced_01.png
  artifactKey: Guid(ec61a40d5a1de70469f655c7cc6602d1) Importer(815301076,1909f56bfc062723c751e8b465ee728b)
Start importing Assets/Sprites/Temple/Flat/temple-sliced_01.png using Guid(ec61a40d5a1de70469f655c7cc6602d1) Importer(815301076,1909f56bfc062723c751e8b465ee728b)  -> (artifact id: 'bd76b4c24e94cdd7d40873207391351f') in 0.013589 seconds 
  Import took 0.016805 seconds .

========================================================================
Received Import Request.
  Time since last request: 0.000177 seconds.
  path: Assets/Sprites/Temple/Flat/temple-sliced_17.png
  artifactKey: Guid(5582e64e5ea94934baf9aa4e48ce7666) Importer(815301076,1909f56bfc062723c751e8b465ee728b)
Start importing Assets/Sprites/Temple/Flat/temple-sliced_17.png using Guid(5582e64e5ea94934baf9aa4e48ce7666) Importer(815301076,1909f56bfc062723c751e8b465ee728b)  -> (artifact id: '51455d0eea747f503d34c583ba72efea') in 0.006761 seconds 
  Import took 0.009687 seconds .

========================================================================
Received Import Request.
  Time since last request: 0.000229 seconds.
  path: Assets/Sprites/Temple/Flat/temple-sliced_01.png
  artifactKey: Guid(ec61a40d5a1de70469f655c7cc6602d1) Importer(815301076,1909f56bfc062723c751e8b465ee728b)
Start importing Assets/Sprites/Temple/Flat/temple-sliced_01.png using Guid(ec61a40d5a1de70469f655c7cc6602d1) Importer(815301076,1909f56bfc062723c751e8b465ee728b)  -> (artifact id: 'bd76b4c24e94cdd7d40873207391351f') in 0.007879 seconds 
  Import took 0.011004 seconds .

========================================================================
Received Import Request.
  Time since last request: 0.000161 seconds.
  path: Assets/Sprites/Temple/Flat/temple-sliced_10.png
  artifactKey: Guid(2b7b2fc10a4b57d43bdce3236d5da982) Importer(815301076,1909f56bfc062723c751e8b465ee728b)
Start importing Assets/Sprites/Temple/Flat/temple-sliced_10.png using Guid(2b7b2fc10a4b57d43bdce3236d5da982) Importer(815301076,1909f56bfc062723c751e8b465ee728b)  -> (artifact id: '9844c69636fd622b80cf1004fe07b57d') in 0.012953 seconds 
  Import took 0.015664 seconds .

========================================================================
Received Import Request.
  Time since last request: 0.000158 seconds.
  path: Assets/Sprites/Temple/Flat/temple-sliced_16.png
  artifactKey: Guid(6eefe7fcd9086c147a1c089c36ca038d) Importer(815301076,1909f56bfc062723c751e8b465ee728b)
Start importing Assets/Sprites/Temple/Flat/temple-sliced_16.png using Guid(6eefe7fcd9086c147a1c089c36ca038d) Importer(815301076,1909f56bfc062723c751e8b465ee728b)  -> (artifact id: '4a2c383ed6d78af586bd5c59d23b3d50') in 0.012605 seconds 
  Import took 0.015313 seconds .

========================================================================
Received Import Request.
  Time since last request: 0.000169 seconds.
  path: Assets/Sprites/Temple/Flat/temple-sliced_05.png
  artifactKey: Guid(8a053da2df1a71949a479ead0a03f5ac) Importer(815301076,1909f56bfc062723c751e8b465ee728b)
Start importing Assets/Sprites/Temple/Flat/temple-sliced_05.png using Guid(8a053da2df1a71949a479ead0a03f5ac) Importer(815301076,1909f56bfc062723c751e8b465ee728b)  -> (artifact id: '4e44a930b096ed4bdabdb5aa94e502d2') in 0.013053 seconds 
  Import took 0.015903 seconds .

========================================================================
Received Import Request.
  Time since last request: 0.000174 seconds.
  path: Assets/Sprites/Temple/Flat/temple-sliced_03.png
  artifactKey: Guid(a07a2f66ad3f430448a78332c487190a) Importer(815301076,1909f56bfc062723c751e8b465ee728b)
Start importing Assets/Sprites/Temple/Flat/temple-sliced_03.png using Guid(a07a2f66ad3f430448a78332c487190a) Importer(815301076,1909f56bfc062723c751e8b465ee728b)  -> (artifact id: 'ec47973c6b7f9badc9c77b9ed76507a5') in 0.013132 seconds 
  Import took 0.015956 seconds .

========================================================================
Received Import Request.
  Time since last request: 0.000173 seconds.
  path: Assets/Sprites/Temple/Flat/temple-sliced_13.png
  artifactKey: Guid(6ecdbac746e8f654ab77f0f70f36d2cb) Importer(815301076,1909f56bfc062723c751e8b465ee728b)
Start importing Assets/Sprites/Temple/Flat/temple-sliced_13.png using Guid(6ecdbac746e8f654ab77f0f70f36d2cb) Importer(815301076,1909f56bfc062723c751e8b465ee728b)  -> (artifact id: 'e46753753d7098dac154f8afdc424342') in 0.012025 seconds 
  Import took 0.015063 seconds .

========================================================================
Received Import Request.
  Time since last request: 0.000199 seconds.
  path: Assets/Sprites/Temple/Flat/temple-sliced_04.png
  artifactKey: Guid(cd35f096a123b0c4193c14be3b4bbfa3) Importer(815301076,1909f56bfc062723c751e8b465ee728b)
Start importing Assets/Sprites/Temple/Flat/temple-sliced_04.png using Guid(cd35f096a123b0c4193c14be3b4bbfa3) Importer(815301076,1909f56bfc062723c751e8b465ee728b)  -> (artifact id: '6bc0369b603a0a9b61542203f4009525') in 0.012143 seconds 
  Import took 0.015418 seconds .

========================================================================
Received Import Request.
  Time since last request: 0.000214 seconds.
  path: Assets/Sprites/Temple/Flat/temple-sliced_02.png
  artifactKey: Guid(3f221c4714026b84dbb830e71c63cf0b) Importer(815301076,1909f56bfc062723c751e8b465ee728b)
Start importing Assets/Sprites/Temple/Flat/temple-sliced_02.png using Guid(3f221c4714026b84dbb830e71c63cf0b) Importer(815301076,1909f56bfc062723c751e8b465ee728b)  -> (artifact id: '88f2f2c5d7481c7c2b87cf2f9cee538a') in 0.012637 seconds 
  Import took 0.016704 seconds .

========================================================================
Received Import Request.
  Time since last request: 0.000195 seconds.
  path: Assets/Sprites/Temple/Flat/temple-sliced_14.png
  artifactKey: Guid(aa96dc972bf77db499e357828c2a7178) Importer(815301076,1909f56bfc062723c751e8b465ee728b)
Start importing Assets/Sprites/Temple/Flat/temple-sliced_14.png using Guid(aa96dc972bf77db499e357828c2a7178) Importer(815301076,1909f56bfc062723c751e8b465ee728b)  -> (artifact id: 'b440899ffb37fef4b5e4aba33177dc14') in 0.013489 seconds 
  Import took 0.016637 seconds .

========================================================================
Received Import Request.
  Time since last request: 0.000202 seconds.
  path: Assets/Sprites/Temple/Flat/temple-sliced_07.png
  artifactKey: Guid(5a2bf4da2dea62a4d99ce164f16f99ba) Importer(815301076,1909f56bfc062723c751e8b465ee728b)
Start importing Assets/Sprites/Temple/Flat/temple-sliced_07.png using Guid(5a2bf4da2dea62a4d99ce164f16f99ba) Importer(815301076,1909f56bfc062723c751e8b465ee728b)  -> (artifact id: '05dd9353b525c71e6a60cda80b246215') in 0.012392 seconds 
  Import took 0.015378 seconds .

========================================================================
Received Import Request.
  Time since last request: 0.000187 seconds.
  path: Assets/Sprites/Temple/Flat/temple-sliced_11.png
  artifactKey: Guid(c5e8ad2cccaa2304aa67a7665cef06b4) Importer(815301076,1909f56bfc062723c751e8b465ee728b)
Start importing Assets/Sprites/Temple/Flat/temple-sliced_11.png using Guid(c5e8ad2cccaa2304aa67a7665cef06b4) Importer(815301076,1909f56bfc062723c751e8b465ee728b)  -> (artifact id: 'f34bdcde1e89bce09d077d8511134346') in 0.013074 seconds 
  Import took 0.016138 seconds .

========================================================================
Received Import Request.
  Time since last request: 0.000191 seconds.
  path: Assets/Sprites/Temple/Flat/temple-sliced_15.png
  artifactKey: Guid(a75e7a5e30cdc6b49ac13442bd98c4ac) Importer(815301076,1909f56bfc062723c751e8b465ee728b)
Start importing Assets/Sprites/Temple/Flat/temple-sliced_15.png using Guid(a75e7a5e30cdc6b49ac13442bd98c4ac) Importer(815301076,1909f56bfc062723c751e8b465ee728b)  -> (artifact id: '69cbf7995b5218b029d4f64e873c414e') in 0.012511 seconds 
  Import took 0.015426 seconds .

========================================================================
Received Import Request.
  Time since last request: 0.000229 seconds.
  path: Assets/Sprites/Temple/Flat/temple-sliced_12.png
  artifactKey: Guid(84a9224c2d7c7394487ff100bb97aff5) Importer(815301076,1909f56bfc062723c751e8b465ee728b)
Start importing Assets/Sprites/Temple/Flat/temple-sliced_12.png using Guid(84a9224c2d7c7394487ff100bb97aff5) Importer(815301076,1909f56bfc062723c751e8b465ee728b)  -> (artifact id: '5fddf2d54ee98570ef8123c5f861a076') in 0.013243 seconds 
  Import took 0.016278 seconds .

========================================================================
Received Import Request.
  Time since last request: 0.000165 seconds.
  path: Assets/Sprites/Temple/Flat/temple-sliced_06.png
  artifactKey: Guid(ea11bd36009f605498f2288b0915a873) Importer(815301076,1909f56bfc062723c751e8b465ee728b)
Start importing Assets/Sprites/Temple/Flat/temple-sliced_06.png using Guid(ea11bd36009f605498f2288b0915a873) Importer(815301076,1909f56bfc062723c751e8b465ee728b)  -> (artifact id: '1172b7bff297340bf92ef07917dad3f3') in 0.012653 seconds 
  Import took 0.015811 seconds .

========================================================================
Received Import Request.
  Time since last request: 0.000168 seconds.
  path: Assets/Sprites/Temple
  artifactKey: Guid(2830be0c64a910a4caa2a69cf81fc515) Importer(815301076,1909f56bfc062723c751e8b465ee728b)
Start importing Assets/Sprites/Temple using Guid(2830be0c64a910a4caa2a69cf81fc515) Importer(815301076,1909f56bfc062723c751e8b465ee728b)  -> (artifact id: 'cfe8dba8e23ee526698d76dced70099f') in 0.004950 seconds 
  Import took 0.007805 seconds .

========================================================================
Received Import Request.
  Time since last request: 0.000165 seconds.
  path: Assets/Sprites/Temple/Flat/temple-sliced_06.png
  artifactKey: Guid(ea11bd36009f605498f2288b0915a873) Importer(815301076,1909f56bfc062723c751e8b465ee728b)
Start importing Assets/Sprites/Temple/Flat/temple-sliced_06.png using Guid(ea11bd36009f605498f2288b0915a873) Importer(815301076,1909f56bfc062723c751e8b465ee728b)  -> (artifact id: '1172b7bff297340bf92ef07917dad3f3') in 0.006322 seconds 
  Import took 0.009078 seconds .

========================================================================
Received Import Request.
  Time since last request: 0.000206 seconds.
  path: Assets/Sprites/Temple/Flat
  artifactKey: Guid(23b006a94c5c2804dadfa9af57d4a63c) Importer(815301076,1909f56bfc062723c751e8b465ee728b)
Start importing Assets/Sprites/Temple/Flat using Guid(23b006a94c5c2804dadfa9af57d4a63c) Importer(815301076,1909f56bfc062723c751e8b465ee728b)  -> (artifact id: '426ec9e504b7b1a690b811d349d933f9') in 0.004518 seconds 
  Import took 0.007461 seconds .

========================================================================
Received Import Request.
  Time since last request: 0.001271 seconds.
  path: Assets/Sprites/Temple/Flat
  artifactKey: Guid(23b006a94c5c2804dadfa9af57d4a63c) Importer(815301076,1909f56bfc062723c751e8b465ee728b)
Start importing Assets/Sprites/Temple/Flat using Guid(23b006a94c5c2804dadfa9af57d4a63c) Importer(815301076,1909f56bfc062723c751e8b465ee728b)  -> (artifact id: '426ec9e504b7b1a690b811d349d933f9') in 0.001469 seconds 
  Import took 0.003982 seconds .

========================================================================
Received Import Request.
  Time since last request: 8.007164 seconds.
  path: Assets/Sprites/Temple/Decoration
  artifactKey: Guid(4fba90f5f443f9a4f853c81735b20144) Importer(815301076,1909f56bfc062723c751e8b465ee728b)
Start importing Assets/Sprites/Temple/Decoration using Guid(4fba90f5f443f9a4f853c81735b20144) Importer(815301076,1909f56bfc062723c751e8b465ee728b)  -> (artifact id: 'd575b9f6509db03f7614c00a808c99cb') in 0.004243 seconds 
  Import took 0.007263 seconds .

========================================================================
Received Import Request.
  Time since last request: 0.094497 seconds.
  path: Assets/Sprites/Temple/Decoration/statue_cat_NW.png
  artifactKey: Guid(ef43e652542247e49bfa5ee0c458492a) Importer(815301076,1909f56bfc062723c751e8b465ee728b)
Start importing Assets/Sprites/Temple/Decoration/statue_cat_NW.png using Guid(ef43e652542247e49bfa5ee0c458492a) Importer(815301076,1909f56bfc062723c751e8b465ee728b)  -> (artifact id: '09008f01447a25b131f1b9ef89bb5b21') in 0.015238 seconds 
  Import took 0.018268 seconds .

========================================================================
Received Import Request.
  Time since last request: 0.000226 seconds.
  path: Assets/Sprites/Temple/Decoration/temple-sliced_47.png
  artifactKey: Guid(5cd358078de82474583aa73f0969a5ad) Importer(815301076,1909f56bfc062723c751e8b465ee728b)
Start importing Assets/Sprites/Temple/Decoration/temple-sliced_47.png using Guid(5cd358078de82474583aa73f0969a5ad) Importer(815301076,1909f56bfc062723c751e8b465ee728b)  -> (artifact id: 'b66d91da86c8b7e8cbbbe8f115197c95') in 0.014484 seconds 
  Import took 0.017159 seconds .

========================================================================
Received Import Request.
  Time since last request: 0.000171 seconds.
  path: Assets/Sprites/Temple/Decoration/temple-sliced_48.png
  artifactKey: Guid(acefd25af8e66fe42bd9db8493dbebba) Importer(815301076,1909f56bfc062723c751e8b465ee728b)
Start importing Assets/Sprites/Temple/Decoration/temple-sliced_48.png using Guid(acefd25af8e66fe42bd9db8493dbebba) Importer(815301076,1909f56bfc062723c751e8b465ee728b)  -> (artifact id: '0e1be732dd8860026031b58180e1d25c') in 0.013091 seconds 
  Import took 0.015933 seconds .

========================================================================
Received Import Request.
  Time since last request: 0.000148 seconds.
  path: Assets/Sprites/Temple/Decoration/temple-sliced_68.png
  artifactKey: Guid(5442f6430a2b12c49806499f2de6cc43) Importer(815301076,1909f56bfc062723c751e8b465ee728b)
Start importing Assets/Sprites/Temple/Decoration/temple-sliced_68.png using Guid(5442f6430a2b12c49806499f2de6cc43) Importer(815301076,1909f56bfc062723c751e8b465ee728b)  -> (artifact id: 'b134b2d92c7d9bac3e101886fc0d0cc9') in 0.013372 seconds 
  Import took 0.016158 seconds .

========================================================================
Received Import Request.
  Time since last request: 0.000170 seconds.
  path: Assets/Sprites/Temple/Decoration/treasure_sarcophagus_closed_NW.png
  artifactKey: Guid(ac27e2a4e6b84424ab3fbe1db4cbd1cf) Importer(815301076,1909f56bfc062723c751e8b465ee728b)
Start importing Assets/Sprites/Temple/Decoration/treasure_sarcophagus_closed_NW.png using Guid(ac27e2a4e6b84424ab3fbe1db4cbd1cf) Importer(815301076,1909f56bfc062723c751e8b465ee728b)  -> (artifact id: 'e76f107e3c46a713f5c4aa0f7f75077f') in 0.013960 seconds 
  Import took 0.016764 seconds .

========================================================================
Received Import Request.
  Time since last request: 0.000180 seconds.
  path: Assets/Sprites/Temple/Decoration/wall_door_NW.png
  artifactKey: Guid(719db2521d746b84385a063134489689) Importer(815301076,1909f56bfc062723c751e8b465ee728b)
Start importing Assets/Sprites/Temple/Decoration/wall_door_NW.png using Guid(719db2521d746b84385a063134489689) Importer(815301076,1909f56bfc062723c751e8b465ee728b)  -> (artifact id: '4fbd2aa8b88d274363e7cf2a618ce6be') in 0.014254 seconds 
  Import took 0.017260 seconds .

========================================================================
Received Import Request.
  Time since last request: 0.000170 seconds.
  path: Assets/Sprites/Temple/Decoration/temple-sliced_43.png
  artifactKey: Guid(a3fce3858b6c4d544acf1c16b59732de) Importer(815301076,1909f56bfc062723c751e8b465ee728b)
Start importing Assets/Sprites/Temple/Decoration/temple-sliced_43.png using Guid(a3fce3858b6c4d544acf1c16b59732de) Importer(815301076,1909f56bfc062723c751e8b465ee728b)  -> (artifact id: '1f37985d6fb55f7464268eddddc212a5') in 0.013118 seconds 
  Import took 0.015922 seconds .

========================================================================
Received Import Request.
  Time since last request: 0.000174 seconds.
  path: Assets/Sprites/Temple/Decoration/temple-sliced_49.png
  artifactKey: Guid(b59fe094ae78fec48838c83c48ffa36b) Importer(815301076,1909f56bfc062723c751e8b465ee728b)
Start importing Assets/Sprites/Temple/Decoration/temple-sliced_49.png using Guid(b59fe094ae78fec48838c83c48ffa36b) Importer(815301076,1909f56bfc062723c751e8b465ee728b)  -> (artifact id: 'cb98837eaab47623fbe92f6f51a912b1') in 0.012617 seconds 
  Import took 0.015361 seconds .

========================================================================
Received Import Request.
  Time since last request: 0.000166 seconds.
  path: Assets/Sprites/Temple/Decoration/temple-sliced_46.png
  artifactKey: Guid(164032f85bcce1d4e8ae7f1a6e4927c1) Importer(815301076,1909f56bfc062723c751e8b465ee728b)
Start importing Assets/Sprites/Temple/Decoration/temple-sliced_46.png using Guid(164032f85bcce1d4e8ae7f1a6e4927c1) Importer(815301076,1909f56bfc062723c751e8b465ee728b)  -> (artifact id: 'b98c7ef82a49d112f1edf72eeccdaef2') in 0.012585 seconds 
  Import took 0.015265 seconds .

========================================================================
Received Import Request.
  Time since last request: 0.000194 seconds.
  path: Assets/Sprites/Temple/Decoration/temple-sliced_45.png
  artifactKey: Guid(c2bbd974938dfb64f9f4c11ed9163f91) Importer(815301076,1909f56bfc062723c751e8b465ee728b)
Start importing Assets/Sprites/Temple/Decoration/temple-sliced_45.png using Guid(c2bbd974938dfb64f9f4c11ed9163f91) Importer(815301076,1909f56bfc062723c751e8b465ee728b)  -> (artifact id: '0545e6411e9b20940d3812c5d7ad1356') in 0.013208 seconds 
  Import took 0.015994 seconds .

========================================================================
Received Import Request.
  Time since last request: 0.000166 seconds.
  path: Assets/Sprites/Temple/Decoration/treasure_sarcophagus_open_NW.png
  artifactKey: Guid(ca3c95252925ad34aa476721e2dd2092) Importer(815301076,1909f56bfc062723c751e8b465ee728b)
Start importing Assets/Sprites/Temple/Decoration/treasure_sarcophagus_open_NW.png using Guid(ca3c95252925ad34aa476721e2dd2092) Importer(815301076,1909f56bfc062723c751e8b465ee728b)  -> (artifact id: 'e36e2edeb950571b5a02b8dde4a9fdb0') in 0.013152 seconds 
  Import took 0.015845 seconds .

========================================================================
Received Import Request.
  Time since last request: 0.000161 seconds.
  path: Assets/Sprites/Temple/Decoration/temple-sliced_69.png
  artifactKey: Guid(fc8f62277d1e7da43b83534d161efd66) Importer(815301076,1909f56bfc062723c751e8b465ee728b)
Start importing Assets/Sprites/Temple/Decoration/temple-sliced_69.png using Guid(fc8f62277d1e7da43b83534d161efd66) Importer(815301076,1909f56bfc062723c751e8b465ee728b)  -> (artifact id: '19b79658212fc424f1fb80f47ba1068c') in 0.013358 seconds 
  Import took 0.016093 seconds .

========================================================================
Received Import Request.
  Time since last request: 0.000163 seconds.
  path: Assets/Sprites/Temple/Decoration/temple-sliced_39.png
  artifactKey: Guid(0529251f3fb376e4396ae7120de89b3f) Importer(815301076,1909f56bfc062723c751e8b465ee728b)
Start importing Assets/Sprites/Temple/Decoration/temple-sliced_39.png using Guid(0529251f3fb376e4396ae7120de89b3f) Importer(815301076,1909f56bfc062723c751e8b465ee728b)  -> (artifact id: '3871b110fdd2494aca23c94c20b2a1ef') in 0.014957 seconds 
  Import took 0.017738 seconds .

========================================================================
Received Import Request.
  Time since last request: 0.000237 seconds.
  path: Assets/Sprites/Temple/Decoration/temple-sliced_44.png
  artifactKey: Guid(a8fefdcc5154bcd4eac2f09f26f9f3f3) Importer(815301076,1909f56bfc062723c751e8b465ee728b)
Start importing Assets/Sprites/Temple/Decoration/temple-sliced_44.png using Guid(a8fefdcc5154bcd4eac2f09f26f9f3f3) Importer(815301076,1909f56bfc062723c751e8b465ee728b)  -> (artifact id: '594568ddb305afeb486e0346faad6183') in 0.012871 seconds 
  Import took 0.015672 seconds .

========================================================================
Received Import Request.
  Time since last request: 0.000166 seconds.
  path: Assets/Sprites/Temple/Decoration/temple-sliced_39.png
  artifactKey: Guid(0529251f3fb376e4396ae7120de89b3f) Importer(815301076,1909f56bfc062723c751e8b465ee728b)
Start importing Assets/Sprites/Temple/Decoration/temple-sliced_39.png using Guid(0529251f3fb376e4396ae7120de89b3f) Importer(815301076,1909f56bfc062723c751e8b465ee728b)  -> (artifact id: '3871b110fdd2494aca23c94c20b2a1ef') in 0.007108 seconds 
  Import took 0.010166 seconds .

========================================================================
Received Import Request.
  Time since last request: 0.000190 seconds.
  path: Assets/Sprites/Temple/Decoration/temple-sliced_40.png
  artifactKey: Guid(0a4bff6f7a8625f4a821081725a5f5da) Importer(815301076,1909f56bfc062723c751e8b465ee728b)
Start importing Assets/Sprites/Temple/Decoration/temple-sliced_40.png using Guid(0a4bff6f7a8625f4a821081725a5f5da) Importer(815301076,1909f56bfc062723c751e8b465ee728b)  -> (artifact id: '1fd0550f6aaffedb764d7e89ecf90abd') in 0.012681 seconds 
  Import took 0.015751 seconds .

========================================================================
Received Prepare
Registering precompiled user dll's ...
Registered in 0.004202 seconds.
Begin MonoManager ReloadAssembly
Native extension for WindowsStandalone target not found
Native extension for WebGL target not found
Refreshing native plugins compatible for Editor in 0.49 ms, found 3 plugins.
Preloading 0 native plugins for Editor in 0.00 ms.
Mono: successfully reloaded assembly
- Completed reload, in  0.924 seconds
Domain Reload Profiling:
	ReloadAssembly (925ms)
		BeginReloadAssembly (109ms)
			ExecutionOrderSort (0ms)
			DisableScriptedObjects (5ms)
			BackupInstance (0ms)
			ReleaseScriptingObjects (0ms)
			CreateAndSetChildDomain (32ms)
		EndReloadAssembly (760ms)
			LoadAssemblies (83ms)
			RebuildTransferFunctionScriptingTraits (0ms)
			SetupTypeCache (232ms)
			ReleaseScriptCaches (1ms)
			RebuildScriptCaches (43ms)
			SetupLoadedEditorAssemblies (319ms)
				LogAssemblyErrors (0ms)
				InitializePlatformSupportModulesInManaged (5ms)
				SetLoadedEditorAssemblies (0ms)
				RefreshPlugins (1ms)
				BeforeProcessingInitializeOnLoad (87ms)
				ProcessInitializeOnLoadAttributes (214ms)
				ProcessInitializeOnLoadMethodAttributes (4ms)
				AfterProcessingInitializeOnLoad (8ms)
				EditorAssembliesLoaded (0ms)
			ExecutionOrderSort2 (0ms)
			AwakeInstancesAfterBackupRestoration (9ms)
Platform modules already initialized, skipping
Refreshing native plugins compatible for Editor in 0.54 ms, found 3 plugins.
Preloading 0 native plugins for Editor in 0.00 ms.
Unloading 2083 Unused Serialized files (Serialized files now loaded: 0)
System memory in use before: 96.0 MB.
System memory in use after: 96.2 MB.

Unloading 17 unused Assets to reduce memory usage. Loaded Objects now: 2548.
Total: 2.760300 ms (FindLiveObjects: 0.217000 ms CreateObjectMapping: 0.086800 ms MarkObjects: 2.429900 ms  DeleteObjects: 0.025100 ms)

AssetImportParameters requested are different than current active one (requested -> active):
  custom:framework-win-MediaFoundation: 216162199b28c13a410421893ffa2e32 -> 
  custom:video-decoder-ogg-theora: a1e56fd34408186e4bbccfd4996cb3dc -> 
  custom:container-muxer-webm: aa71ff27fc2769a1b78a27578f13a17b -> 
  custom:container-demuxer-webm: 4f35f7cbe854078d1ac9338744f61a02 -> 
  custom:container-demuxer-ogg: 62fdf1f143b41e24485cea50d1cbac27 -> 
  custom:video-encoder-webm-vp8: eb34c28f22e8b96e1ab97ce403110664 -> 
  custom:video-decoder-webm-vp8: 9c59270c3fd7afecdb556c50c9e8de78 -> 
  custom:audio-decoder-ogg-vorbis: bf7c407c2cedff20999df2af8eb42d56 -> 
  custom:audio-encoder-webm-vorbis: bf7c407c2cedff20999df2af8eb42d56 -> 
========================================================================
Received Import Request.
  Time since last request: 326.532310 seconds.
  path: Assets/Sprites/Temple/Raised
  artifactKey: Guid(7782b4989241e424c8c4a7b30e606561) Importer(815301076,1909f56bfc062723c751e8b465ee728b)
Start importing Assets/Sprites/Temple/Raised using Guid(7782b4989241e424c8c4a7b30e606561) Importer(815301076,1909f56bfc062723c751e8b465ee728b)  -> (artifact id: '7d010225297b2980806c789beedf0d5c') in 0.008060 seconds 
  Import took 0.011498 seconds .

========================================================================
Received Import Request.
  Time since last request: 0.141968 seconds.
  path: Assets/Sprites/Temple/Raised/temple-purpleblock.png
  artifactKey: Guid(e85cb0a4981665b4797a949a1e158424) Importer(815301076,1909f56bfc062723c751e8b465ee728b)
Start importing Assets/Sprites/Temple/Raised/temple-purpleblock.png using Guid(e85cb0a4981665b4797a949a1e158424) Importer(815301076,1909f56bfc062723c751e8b465ee728b)  -> (artifact id: 'c2708d8195e4ecdcb162dd7981937715') in 0.042437 seconds 
  Import took 0.045711 seconds .

========================================================================
Received Import Request.
  Time since last request: 0.000265 seconds.
  path: Assets/Sprites/Temple/Raised/temple-sliced_32.png
  artifactKey: Guid(dae384adc4dc4b54182664e43e8a083d) Importer(815301076,1909f56bfc062723c751e8b465ee728b)
Start importing Assets/Sprites/Temple/Raised/temple-sliced_32.png using Guid(dae384adc4dc4b54182664e43e8a083d) Importer(815301076,1909f56bfc062723c751e8b465ee728b)  -> (artifact id: 'ea3ebe14cbea546ed79d0867e6fbd242') in 0.016212 seconds 
  Import took 0.019106 seconds .

========================================================================
Received Import Request.
  Time since last request: 0.000213 seconds.
  path: Assets/Sprites/Temple/Raised/temple-sliced_41.png
  artifactKey: Guid(3086c7c4fcf42f846b242e2e7b7e007d) Importer(815301076,1909f56bfc062723c751e8b465ee728b)
Start importing Assets/Sprites/Temple/Raised/temple-sliced_41.png using Guid(3086c7c4fcf42f846b242e2e7b7e007d) Importer(815301076,1909f56bfc062723c751e8b465ee728b)  -> (artifact id: 'feeef5adf9fe75c4fca1b43dbcff184e') in 0.014856 seconds 
  Import took 0.017693 seconds .

========================================================================
Received Import Request.
  Time since last request: 0.000165 seconds.
  path: Assets/Sprites/Temple/Raised/temple-sliced_34.png
  artifactKey: Guid(742ffae53647fae438266fae8cc26611) Importer(815301076,1909f56bfc062723c751e8b465ee728b)
Start importing Assets/Sprites/Temple/Raised/temple-sliced_34.png using Guid(742ffae53647fae438266fae8cc26611) Importer(815301076,1909f56bfc062723c751e8b465ee728b)  -> (artifact id: '8d499ed4f704335e4a65caec13b368df') in 0.012961 seconds 
  Import took 0.015711 seconds .

========================================================================
Received Import Request.
  Time since last request: 0.000176 seconds.
  path: Assets/Sprites/Temple/Raised/temple-sliced_35.png
  artifactKey: Guid(fc19ae8e4abb1ae4a86d966b9d9b6df7) Importer(815301076,1909f56bfc062723c751e8b465ee728b)
Start importing Assets/Sprites/Temple/Raised/temple-sliced_35.png using Guid(fc19ae8e4abb1ae4a86d966b9d9b6df7) Importer(815301076,1909f56bfc062723c751e8b465ee728b)  -> (artifact id: '8062e70839b97c89737ff58dd5db74c9') in 0.016756 seconds 
  Import took 0.019525 seconds .

========================================================================
Received Import Request.
  Time since last request: 0.000165 seconds.
  path: Assets/Sprites/Temple/Raised/temple-sliced_37.png
  artifactKey: Guid(05de6a4550a660a4d9a7eb014cb4a36c) Importer(815301076,1909f56bfc062723c751e8b465ee728b)
Start importing Assets/Sprites/Temple/Raised/temple-sliced_37.png using Guid(05de6a4550a660a4d9a7eb014cb4a36c) Importer(815301076,1909f56bfc062723c751e8b465ee728b)  -> (artifact id: '5a8e7a7512095fd583efd8d0f24d7e3e') in 0.018096 seconds 
  Import took 0.020986 seconds .

========================================================================
Received Import Request.
  Time since last request: 0.000200 seconds.
  path: Assets/Sprites/Temple/Raised/temple-stairs-blue.png
  artifactKey: Guid(3b9a744b5bcdecd45b5ceaf6b7a21309) Importer(815301076,1909f56bfc062723c751e8b465ee728b)
Start importing Assets/Sprites/Temple/Raised/temple-stairs-blue.png using Guid(3b9a744b5bcdecd45b5ceaf6b7a21309) Importer(815301076,1909f56bfc062723c751e8b465ee728b)  -> (artifact id: '7a20111a5ef35350adbbcb1c7de6f91e') in 0.014317 seconds 
  Import took 0.017049 seconds .

========================================================================
Received Import Request.
  Time since last request: 0.000162 seconds.
  path: Assets/Sprites/Temple/Raised/temple-sliced_23.png
  artifactKey: Guid(53ebba1a6e5586e479302275d628c30c) Importer(815301076,1909f56bfc062723c751e8b465ee728b)
Start importing Assets/Sprites/Temple/Raised/temple-sliced_23.png using Guid(53ebba1a6e5586e479302275d628c30c) Importer(815301076,1909f56bfc062723c751e8b465ee728b)  -> (artifact id: '3a1ff1cb396a99b867648112c0ee9b8e') in 0.013261 seconds 
  Import took 0.016023 seconds .

========================================================================
Received Import Request.
  Time since last request: 0.000153 seconds.
  path: Assets/Sprites/Temple/Raised/temple-sliced_29.png
  artifactKey: Guid(becb8b93c6dd8194794e75b0775a9e52) Importer(815301076,1909f56bfc062723c751e8b465ee728b)
Start importing Assets/Sprites/Temple/Raised/temple-sliced_29.png using Guid(becb8b93c6dd8194794e75b0775a9e52) Importer(815301076,1909f56bfc062723c751e8b465ee728b)  -> (artifact id: 'dd6343523a59ed69ede181e3946373af') in 0.015292 seconds 
  Import took 0.018166 seconds .

========================================================================
Received Import Request.
  Time since last request: 0.000164 seconds.
  path: Assets/Sprites/Temple/Raised/temple-sliced_22.png
  artifactKey: Guid(7bf20ce4e0d55f549aa154145f2c4213) Importer(815301076,1909f56bfc062723c751e8b465ee728b)
Start importing Assets/Sprites/Temple/Raised/temple-sliced_22.png using Guid(7bf20ce4e0d55f549aa154145f2c4213) Importer(815301076,1909f56bfc062723c751e8b465ee728b)  -> (artifact id: '5ba77bb418fc2b68eb525d292282ab5e') in 0.014363 seconds 
  Import took 0.017321 seconds .

========================================================================
Received Import Request.
  Time since last request: 0.000218 seconds.
  path: Assets/Sprites/Temple/Raised/temple-sliced_19.png
  artifactKey: Guid(9bad3ccaa2f4a9c4babd138aac19f062) Importer(815301076,1909f56bfc062723c751e8b465ee728b)
Start importing Assets/Sprites/Temple/Raised/temple-sliced_19.png using Guid(9bad3ccaa2f4a9c4babd138aac19f062) Importer(815301076,1909f56bfc062723c751e8b465ee728b)  -> (artifact id: '03131ef5b028c6ccc2c54d8012b6935d') in 0.013499 seconds 
  Import took 0.016561 seconds .

========================================================================
Received Import Request.
  Time since last request: 0.000176 seconds.
  path: Assets/Sprites/Temple/Raised/temple-sliced_28.png
  artifactKey: Guid(9508c960308f5ac4fbe4d549dc0b9cde) Importer(815301076,1909f56bfc062723c751e8b465ee728b)
Start importing Assets/Sprites/Temple/Raised/temple-sliced_28.png using Guid(9508c960308f5ac4fbe4d549dc0b9cde) Importer(815301076,1909f56bfc062723c751e8b465ee728b)  -> (artifact id: 'ebe37c77350e8db5857875a97a981977') in 0.013752 seconds 
  Import took 0.016706 seconds .

========================================================================
Received Import Request.
  Time since last request: 0.000197 seconds.
  path: Assets/Sprites/Temple/Raised/temple-sliced_20.png
  artifactKey: Guid(bf3e5ac7dd212e7478eb2861e454145d) Importer(815301076,1909f56bfc062723c751e8b465ee728b)
Start importing Assets/Sprites/Temple/Raised/temple-sliced_20.png using Guid(bf3e5ac7dd212e7478eb2861e454145d) Importer(815301076,1909f56bfc062723c751e8b465ee728b)  -> (artifact id: '642325b54e4a7867a679d09f4f92588c') in 0.012982 seconds 
  Import took 0.015913 seconds .

========================================================================
Received Import Request.
  Time since last request: 0.000178 seconds.
  path: Assets/Sprites/Temple/Raised/temple-sliced_30.png
  artifactKey: Guid(7ae3e74066cc63f4fbb6d1668c742138) Importer(815301076,1909f56bfc062723c751e8b465ee728b)
Start importing Assets/Sprites/Temple/Raised/temple-sliced_30.png using Guid(7ae3e74066cc63f4fbb6d1668c742138) Importer(815301076,1909f56bfc062723c751e8b465ee728b)  -> (artifact id: 'd58c5bb87197dc57cc8e820e44898bbd') in 0.016027 seconds 
  Import took 0.018873 seconds .

========================================================================
Received Import Request.
  Time since last request: 0.000156 seconds.
  path: Assets/Sprites/Temple/Raised/temple-sliced_25.png
  artifactKey: Guid(d1d1cd0e32971f74c89f9fd54599cf18) Importer(815301076,1909f56bfc062723c751e8b465ee728b)
Start importing Assets/Sprites/Temple/Raised/temple-sliced_25.png using Guid(d1d1cd0e32971f74c89f9fd54599cf18) Importer(815301076,1909f56bfc062723c751e8b465ee728b)  -> (artifact id: 'f680ab3577adce89d23062fca341ea9b') in 0.013523 seconds 
  Import took 0.016245 seconds .

========================================================================
Received Import Request.
  Time since last request: 0.000173 seconds.
  path: Assets/Sprites/Temple/Raised/temple-sliced_26.png
  artifactKey: Guid(111869924fb11de4584e891d5f5ac5ec) Importer(815301076,1909f56bfc062723c751e8b465ee728b)
Start importing Assets/Sprites/Temple/Raised/temple-sliced_26.png using Guid(111869924fb11de4584e891d5f5ac5ec) Importer(815301076,1909f56bfc062723c751e8b465ee728b)  -> (artifact id: '490c08d960af3a779665d7b2ed375052') in 0.014619 seconds 
  Import took 0.017574 seconds .

========================================================================
Received Import Request.
  Time since last request: 0.000163 seconds.
  path: Assets/Sprites/Temple/Raised/temple-sliced_33.png
  artifactKey: Guid(301c52400596c0247844f6e00bebf450) Importer(815301076,1909f56bfc062723c751e8b465ee728b)
Start importing Assets/Sprites/Temple/Raised/temple-sliced_33.png using Guid(301c52400596c0247844f6e00bebf450) Importer(815301076,1909f56bfc062723c751e8b465ee728b)  -> (artifact id: '5bd35804b160c5c431cd0c037e1bea21') in 0.013524 seconds 
  Import took 0.016260 seconds .

========================================================================
Received Import Request.
  Time since last request: 0.000179 seconds.
  path: Assets/Sprites/Temple/Raised/temple-sliced_36.png
  artifactKey: Guid(0cece30d2ac5bde4f967bfa3aae79e69) Importer(815301076,1909f56bfc062723c751e8b465ee728b)
Start importing Assets/Sprites/Temple/Raised/temple-sliced_36.png using Guid(0cece30d2ac5bde4f967bfa3aae79e69) Importer(815301076,1909f56bfc062723c751e8b465ee728b)  -> (artifact id: 'f4b43e71c54153652357dd6a006ecc40') in 0.015591 seconds 
  Import took 0.018397 seconds .

========================================================================
Received Import Request.
  Time since last request: 0.000155 seconds.
  path: Assets/Sprites/Temple/Raised/temple-sliced_42.png
  artifactKey: Guid(c1f15b027d776ba478ef23ee5acf4ca1) Importer(815301076,1909f56bfc062723c751e8b465ee728b)
Start importing Assets/Sprites/Temple/Raised/temple-sliced_42.png using Guid(c1f15b027d776ba478ef23ee5acf4ca1) Importer(815301076,1909f56bfc062723c751e8b465ee728b)  -> (artifact id: 'bb24b7d7ca69c87c615a6148e7830eb3') in 0.013676 seconds 
  Import took 0.016503 seconds .

========================================================================
Received Import Request.
  Time since last request: 0.000169 seconds.
  path: Assets/Sprites/Temple/Raised/temple-sliced_27.png
  artifactKey: Guid(001bcd2f252c5de4092a9de6d3d50454) Importer(815301076,1909f56bfc062723c751e8b465ee728b)
Start importing Assets/Sprites/Temple/Raised/temple-sliced_27.png using Guid(001bcd2f252c5de4092a9de6d3d50454) Importer(815301076,1909f56bfc062723c751e8b465ee728b)  -> (artifact id: '42ca01394e45177aedcacb284c703972') in 0.013464 seconds 
  Import took 0.016201 seconds .

========================================================================
Received Import Request.
  Time since last request: 0.000206 seconds.
  path: Assets/Sprites/Temple/Raised/temple-sliced_21.png
  artifactKey: Guid(8eb6ece3f25fb4949bc6e858a5167a42) Importer(815301076,1909f56bfc062723c751e8b465ee728b)
Start importing Assets/Sprites/Temple/Raised/temple-sliced_21.png using Guid(8eb6ece3f25fb4949bc6e858a5167a42) Importer(815301076,1909f56bfc062723c751e8b465ee728b)  -> (artifact id: '724640315442873e4cbf99a9401def96') in 0.014331 seconds 
  Import took 0.017133 seconds .

========================================================================
Received Import Request.
  Time since last request: 0.000150 seconds.
  path: Assets/Sprites/Temple/Raised/temple-sliced_24.png
  artifactKey: Guid(324f344bdb8d39845b78c5d1c7661a4e) Importer(815301076,1909f56bfc062723c751e8b465ee728b)
Start importing Assets/Sprites/Temple/Raised/temple-sliced_24.png using Guid(324f344bdb8d39845b78c5d1c7661a4e) Importer(815301076,1909f56bfc062723c751e8b465ee728b)  -> (artifact id: '0c75928f43233a7e4b9e5702c6d22ca4') in 0.012911 seconds 
  Import took 0.015620 seconds .

========================================================================
Received Import Request.
  Time since last request: 0.000153 seconds.
  path: Assets/Sprites/Temple/Raised/temple-sliced_38.png
  artifactKey: Guid(3dee71ae3d9dc64458491b098ccc6111) Importer(815301076,1909f56bfc062723c751e8b465ee728b)
Start importing Assets/Sprites/Temple/Raised/temple-sliced_38.png using Guid(3dee71ae3d9dc64458491b098ccc6111) Importer(815301076,1909f56bfc062723c751e8b465ee728b)  -> (artifact id: '5ea990b316d45ead09c55d0e0e238902') in 0.012921 seconds 
  Import took 0.015661 seconds .

========================================================================
Received Import Request.
  Time since last request: 0.000205 seconds.
  path: Assets/Sprites/Temple/Raised/temple-sliced_31.png
  artifactKey: Guid(680f1fa16cdd7174d9bc73ec35cf9514) Importer(815301076,1909f56bfc062723c751e8b465ee728b)
Start importing Assets/Sprites/Temple/Raised/temple-sliced_31.png using Guid(680f1fa16cdd7174d9bc73ec35cf9514) Importer(815301076,1909f56bfc062723c751e8b465ee728b)  -> (artifact id: '9783e2e2969662888cdc7a141df5861e') in 0.013786 seconds 
  Import took 0.016698 seconds .

========================================================================
Received Import Request.
  Time since last request: 17.479682 seconds.
  path: Assets/Sprites/FrozenMountain
  artifactKey: Guid(487794c5ffc84ff4381b69ff991c13a9) Importer(815301076,1909f56bfc062723c751e8b465ee728b)
Start importing Assets/Sprites/FrozenMountain using Guid(487794c5ffc84ff4381b69ff991c13a9) Importer(815301076,1909f56bfc062723c751e8b465ee728b)  -> (artifact id: '24a82b2fcdc5bd257f2070fafbba3c1b') in 0.004404 seconds 
  Import took 0.007366 seconds .

========================================================================
Received Import Request.
  Time since last request: 1.198679 seconds.
  path: Assets/Sprites/FrozenMountain/Decoration
  artifactKey: Guid(6c9e706525b30a2459a1a173091ef06d) Importer(815301076,1909f56bfc062723c751e8b465ee728b)
Start importing Assets/Sprites/FrozenMountain/Decoration using Guid(6c9e706525b30a2459a1a173091ef06d) Importer(815301076,1909f56bfc062723c751e8b465ee728b)  -> (artifact id: '2f042f7c18ac1e8e378bc706fbefdbda') in 0.001715 seconds 
  Import took 0.004592 seconds .

========================================================================
Received Import Request.
  Time since last request: 0.151148 seconds.
  path: Assets/Sprites/FrozenMountain/Decoration/background_mountain_1.png
  artifactKey: Guid(3c070e6e4fb6e1b4bbc3b5b36ae4e847) Importer(815301076,1909f56bfc062723c751e8b465ee728b)
Start importing Assets/Sprites/FrozenMountain/Decoration/background_mountain_1.png using Guid(3c070e6e4fb6e1b4bbc3b5b36ae4e847) Importer(815301076,1909f56bfc062723c751e8b465ee728b)  -> (artifact id: '075b90bb906d329fad28af8abce3c11d') in 0.014961 seconds 
  Import took 0.018197 seconds .

========================================================================
Received Import Request.
  Time since last request: 0.000237 seconds.
  path: Assets/Sprites/FrozenMountain/Decoration/decoration_snowcap_rock_1_mask.png
  artifactKey: Guid(8f43fa47947b163498d8bfeca9567190) Importer(815301076,1909f56bfc062723c751e8b465ee728b)
Start importing Assets/Sprites/FrozenMountain/Decoration/decoration_snowcap_rock_1_mask.png using Guid(8f43fa47947b163498d8bfeca9567190) Importer(815301076,1909f56bfc062723c751e8b465ee728b)  -> (artifact id: 'f0d63c8eb74fc54ec5615316da9124aa') in 0.015338 seconds 
  Import took 0.018135 seconds .

========================================================================
Received Import Request.
  Time since last request: 0.000185 seconds.
  path: Assets/Sprites/FrozenMountain/Decoration/decoration_sword_in_the_stone_mask.png
  artifactKey: Guid(96d8a2a7c15cb9d419a9b72a2267f405) Importer(815301076,1909f56bfc062723c751e8b465ee728b)
Start importing Assets/Sprites/FrozenMountain/Decoration/decoration_sword_in_the_stone_mask.png using Guid(96d8a2a7c15cb9d419a9b72a2267f405) Importer(815301076,1909f56bfc062723c751e8b465ee728b)  -> (artifact id: '383a08911cd8523007df52d5845ed259') in 0.015764 seconds 
  Import took 0.018700 seconds .

========================================================================
Received Import Request.
  Time since last request: 0.000214 seconds.
  path: Assets/Sprites/FrozenMountain/Decoration/tree_spruce.png
  artifactKey: Guid(7b4cd8f4a63eb55409cf4e7eb3249066) Importer(815301076,1909f56bfc062723c751e8b465ee728b)
Start importing Assets/Sprites/FrozenMountain/Decoration/tree_spruce.png using Guid(7b4cd8f4a63eb55409cf4e7eb3249066) Importer(815301076,1909f56bfc062723c751e8b465ee728b)  -> (artifact id: '9496a1f472fb843252cd9ea78f0b342c') in 0.015350 seconds 
  Import took 0.018105 seconds .

========================================================================
Received Import Request.
  Time since last request: 0.000170 seconds.
  path: Assets/Sprites/FrozenMountain/Decoration/decoration_rock_1_mask.png
  artifactKey: Guid(2cb3fbdd574005c4d90aba80a3de7fd9) Importer(815301076,1909f56bfc062723c751e8b465ee728b)
Start importing Assets/Sprites/FrozenMountain/Decoration/decoration_rock_1_mask.png using Guid(2cb3fbdd574005c4d90aba80a3de7fd9) Importer(815301076,1909f56bfc062723c751e8b465ee728b)  -> (artifact id: '4be7595e32eff02e6ff9673257dd62ac') in 0.012608 seconds 
  Import took 0.015507 seconds .

========================================================================
Received Import Request.
  Time since last request: 0.000247 seconds.
  path: Assets/Sprites/FrozenMountain/Decoration/background_sky.png
  artifactKey: Guid(dade573a6bbcf0144b0a4c067e91b496) Importer(815301076,1909f56bfc062723c751e8b465ee728b)
Start importing Assets/Sprites/FrozenMountain/Decoration/background_sky.png using Guid(dade573a6bbcf0144b0a4c067e91b496) Importer(815301076,1909f56bfc062723c751e8b465ee728b)  -> (artifact id: '94d00802532b5526ac55049b1a7fa1ac') in 0.014054 seconds 
  Import took 0.017015 seconds .

========================================================================
Received Import Request.
  Time since last request: 0.000173 seconds.
  path: Assets/Sprites/FrozenMountain/Decoration/decoration_rock_2_mask.png
  artifactKey: Guid(30829585ab59ff845aa7eea98a5c713a) Importer(815301076,1909f56bfc062723c751e8b465ee728b)
Start importing Assets/Sprites/FrozenMountain/Decoration/decoration_rock_2_mask.png using Guid(30829585ab59ff845aa7eea98a5c713a) Importer(815301076,1909f56bfc062723c751e8b465ee728b)  -> (artifact id: '0b0890a4d5ae328c2ae23081c024cfb1') in 0.013200 seconds 
  Import took 0.016025 seconds .

========================================================================
Received Import Request.
  Time since last request: 0.000164 seconds.
  path: Assets/Sprites/FrozenMountain/Decoration/decoration_rock_NW_mask.png
  artifactKey: Guid(835d558c2a7f6af42a7fdf9c1c4389de) Importer(815301076,1909f56bfc062723c751e8b465ee728b)
Start importing Assets/Sprites/FrozenMountain/Decoration/decoration_rock_NW_mask.png using Guid(835d558c2a7f6af42a7fdf9c1c4389de) Importer(815301076,1909f56bfc062723c751e8b465ee728b)  -> (artifact id: '16629b5f5a29828db5eb7080f6f308f7') in 0.012676 seconds 
  Import took 0.016175 seconds .

========================================================================
Received Import Request.
  Time since last request: 0.000210 seconds.
  path: Assets/Sprites/FrozenMountain/Decoration/tree_fir.png
  artifactKey: Guid(d6810ec48c15cdf469ab2343d9ee15ec) Importer(815301076,1909f56bfc062723c751e8b465ee728b)
Start importing Assets/Sprites/FrozenMountain/Decoration/tree_fir.png using Guid(d6810ec48c15cdf469ab2343d9ee15ec) Importer(815301076,1909f56bfc062723c751e8b465ee728b)  -> (artifact id: '38c6840e487aa8573a61641cdc3e3d61') in 0.016466 seconds 
  Import took 0.019771 seconds .

========================================================================
Received Import Request.
  Time since last request: 0.000176 seconds.
  path: Assets/Sprites/FrozenMountain/Decoration/decoration_snowcap_rock_2.png
  artifactKey: Guid(6d1832e65a13ce1488c9984ce2769f54) Importer(815301076,1909f56bfc062723c751e8b465ee728b)
Start importing Assets/Sprites/FrozenMountain/Decoration/decoration_snowcap_rock_2.png using Guid(6d1832e65a13ce1488c9984ce2769f54) Importer(815301076,1909f56bfc062723c751e8b465ee728b)  -> (artifact id: 'd5fd967a636d83b07eb0561455fa8761') in 0.018727 seconds 
  Import took 0.021516 seconds .

========================================================================
Received Import Request.
  Time since last request: 0.000168 seconds.
  path: Assets/Sprites/FrozenMountain/Decoration/tree_cypress.png
  artifactKey: Guid(4d727874cf8168e4586ce060b11ea375) Importer(815301076,1909f56bfc062723c751e8b465ee728b)
Start importing Assets/Sprites/FrozenMountain/Decoration/tree_cypress.png using Guid(4d727874cf8168e4586ce060b11ea375) Importer(815301076,1909f56bfc062723c751e8b465ee728b)  -> (artifact id: '68ac8382d785cba47b9e440241c05077') in 0.017955 seconds 
  Import took 0.020675 seconds .

========================================================================
Received Import Request.
  Time since last request: 0.000159 seconds.
  path: Assets/Sprites/FrozenMountain/Decoration/decoration_rock_NW.png
  artifactKey: Guid(e29fc5ac0affeed418adead9dba8eb65) Importer(815301076,1909f56bfc062723c751e8b465ee728b)
Start importing Assets/Sprites/FrozenMountain/Decoration/decoration_rock_NW.png using Guid(e29fc5ac0affeed418adead9dba8eb65) Importer(815301076,1909f56bfc062723c751e8b465ee728b)  -> (artifact id: '871d3a016d2a618720aa21fdd858c652') in 0.014211 seconds 
  Import took 0.016997 seconds .

========================================================================
Received Import Request.
  Time since last request: 0.000171 seconds.
  path: Assets/Sprites/FrozenMountain/Decoration/decoration_snowcap_rock_2_mask.png
  artifactKey: Guid(7c2c603047c6e8b4799f9083777984bd) Importer(815301076,1909f56bfc062723c751e8b465ee728b)
Start importing Assets/Sprites/FrozenMountain/Decoration/decoration_snowcap_rock_2_mask.png using Guid(7c2c603047c6e8b4799f9083777984bd) Importer(815301076,1909f56bfc062723c751e8b465ee728b)  -> (artifact id: '35894d70ea1840702bf3df1936863b54') in 0.013477 seconds 
  Import took 0.016400 seconds .

========================================================================
Received Import Request.
  Time since last request: 0.000195 seconds.
  path: Assets/Sprites/FrozenMountain/Decoration/decoration_sword_in_the_stone.png
  artifactKey: Guid(f240885671e134747afbce24ec102755) Importer(815301076,1909f56bfc062723c751e8b465ee728b)
Start importing Assets/Sprites/FrozenMountain/Decoration/decoration_sword_in_the_stone.png using Guid(f240885671e134747afbce24ec102755) Importer(815301076,1909f56bfc062723c751e8b465ee728b)  -> (artifact id: 'd7e1017cea5cbd31e69f87811c2043f7') in 0.014492 seconds 
  Import took 0.017432 seconds .

========================================================================
Received Import Request.
  Time since last request: 0.000203 seconds.
  path: Assets/Sprites/FrozenMountain/Decoration/tree_cypress_mask.png
  artifactKey: Guid(1213b28f5fb820c4993533f9bdadab7d) Importer(815301076,1909f56bfc062723c751e8b465ee728b)
Start importing Assets/Sprites/FrozenMountain/Decoration/tree_cypress_mask.png using Guid(1213b28f5fb820c4993533f9bdadab7d) Importer(815301076,1909f56bfc062723c751e8b465ee728b)  -> (artifact id: '14a58ae197275c2807d1f325462fd216') in 0.012960 seconds 
  Import took 0.015873 seconds .

========================================================================
Received Import Request.
  Time since last request: 0.000216 seconds.
  path: Assets/Sprites/FrozenMountain/Decoration/decoration_snowcap_rock_1.png
  artifactKey: Guid(6f60c7611a793424d8b1db504de93567) Importer(815301076,1909f56bfc062723c751e8b465ee728b)
Start importing Assets/Sprites/FrozenMountain/Decoration/decoration_snowcap_rock_1.png using Guid(6f60c7611a793424d8b1db504de93567) Importer(815301076,1909f56bfc062723c751e8b465ee728b)  -> (artifact id: '300a03c2b03f9ede3039ed331ddd0a1a') in 0.013642 seconds 
  Import took 0.016500 seconds .

========================================================================
Received Import Request.
  Time since last request: 0.000172 seconds.
  path: Assets/Sprites/FrozenMountain/Decoration/background_mountain_2.png
  artifactKey: Guid(60ac635098713f747b02f1a7f7170060) Importer(815301076,1909f56bfc062723c751e8b465ee728b)
Start importing Assets/Sprites/FrozenMountain/Decoration/background_mountain_2.png using Guid(60ac635098713f747b02f1a7f7170060) Importer(815301076,1909f56bfc062723c751e8b465ee728b)  -> (artifact id: '82da16870e4b07b44c72fddeaa2129cd') in 0.014819 seconds 
  Import took 0.017967 seconds .

========================================================================
Received Import Request.
  Time since last request: 0.000185 seconds.
  path: Assets/Sprites/FrozenMountain/Decoration/tree_fir_mask.png
  artifactKey: Guid(076bf4dcad357a04a806cdd514df2046) Importer(815301076,1909f56bfc062723c751e8b465ee728b)
Start importing Assets/Sprites/FrozenMountain/Decoration/tree_fir_mask.png using Guid(076bf4dcad357a04a806cdd514df2046) Importer(815301076,1909f56bfc062723c751e8b465ee728b)  -> (artifact id: '8152cf827860bc6243bed400d22d17b5') in 0.013505 seconds 
  Import took 0.016388 seconds .

========================================================================
Received Import Request.
  Time since last request: 0.000186 seconds.
  path: Assets/Sprites/FrozenMountain/Decoration/decoration_rock_1.png
  artifactKey: Guid(5f3ef23c2f15bec45831589f2f6a8e38) Importer(815301076,1909f56bfc062723c751e8b465ee728b)
Start importing Assets/Sprites/FrozenMountain/Decoration/decoration_rock_1.png using Guid(5f3ef23c2f15bec45831589f2f6a8e38) Importer(815301076,1909f56bfc062723c751e8b465ee728b)  -> (artifact id: 'ce343dbd14cffd5b0d571eda73039098') in 0.012665 seconds 
  Import took 0.015684 seconds .

========================================================================
Received Import Request.
  Time since last request: 0.000199 seconds.
  path: Assets/Sprites/FrozenMountain/Decoration/tree_spruce_mask.png
  artifactKey: Guid(eef45f81bcf2e934ca7fb7b99e8af658) Importer(815301076,1909f56bfc062723c751e8b465ee728b)
Start importing Assets/Sprites/FrozenMountain/Decoration/tree_spruce_mask.png using Guid(eef45f81bcf2e934ca7fb7b99e8af658) Importer(815301076,1909f56bfc062723c751e8b465ee728b)  -> (artifact id: 'e966783117dddc6d334aadd19f2cb7e5') in 0.013022 seconds 
  Import took 0.016012 seconds .

========================================================================
Received Import Request.
  Time since last request: 0.000175 seconds.
  path: Assets/Sprites/FrozenMountain/Decoration/decoration_rock_1.png
  artifactKey: Guid(5f3ef23c2f15bec45831589f2f6a8e38) Importer(815301076,1909f56bfc062723c751e8b465ee728b)
Start importing Assets/Sprites/FrozenMountain/Decoration/decoration_rock_1.png using Guid(5f3ef23c2f15bec45831589f2f6a8e38) Importer(815301076,1909f56bfc062723c751e8b465ee728b)  -> (artifact id: 'ce343dbd14cffd5b0d571eda73039098') in 0.009353 seconds 
  Import took 0.012372 seconds .

========================================================================
Received Import Request.
  Time since last request: 0.000163 seconds.
  path: Assets/Sprites/FrozenMountain/Decoration/decoration_rock_2.png
  artifactKey: Guid(6f98eaaf7a20cf34e8ac91ee48ec8e0d) Importer(815301076,1909f56bfc062723c751e8b465ee728b)
Start importing Assets/Sprites/FrozenMountain/Decoration/decoration_rock_2.png using Guid(6f98eaaf7a20cf34e8ac91ee48ec8e0d) Importer(815301076,1909f56bfc062723c751e8b465ee728b)  -> (artifact id: '1b7efb2b677afd2f409e0d068b2ed629') in 0.014755 seconds 
  Import took 0.017523 seconds .

========================================================================
Received Import Request.
  Time since last request: 6.826481 seconds.
  path: Assets/Sprites/Temple/MoltenLava_Animation
  artifactKey: Guid(519674506b91cb7428424d9a9f6513f1) Importer(815301076,1909f56bfc062723c751e8b465ee728b)
Start importing Assets/Sprites/Temple/MoltenLava_Animation using Guid(519674506b91cb7428424d9a9f6513f1) Importer(815301076,1909f56bfc062723c751e8b465ee728b)  -> (artifact id: 'd36dc8a13f27a45191438e82be84d418') in 0.004477 seconds 
  Import took 0.007417 seconds .

========================================================================
Received Prepare
Registering precompiled user dll's ...
Registered in 0.005641 seconds.
Begin MonoManager ReloadAssembly
Native extension for WindowsStandalone target not found
Native extension for WebGL target not found
Refreshing native plugins compatible for Editor in 0.61 ms, found 3 plugins.
Preloading 0 native plugins for Editor in 0.00 ms.
Mono: successfully reloaded assembly
- Completed reload, in  0.947 seconds
Domain Reload Profiling:
	ReloadAssembly (948ms)
		BeginReloadAssembly (119ms)
			ExecutionOrderSort (0ms)
			DisableScriptedObjects (5ms)
			BackupInstance (0ms)
			ReleaseScriptingObjects (0ms)
			CreateAndSetChildDomain (34ms)
		EndReloadAssembly (772ms)
			LoadAssemblies (84ms)
			RebuildTransferFunctionScriptingTraits (0ms)
			SetupTypeCache (239ms)
			ReleaseScriptCaches (1ms)
			RebuildScriptCaches (39ms)
			SetupLoadedEditorAssemblies (321ms)
				LogAssemblyErrors (0ms)
				InitializePlatformSupportModulesInManaged (8ms)
				SetLoadedEditorAssemblies (1ms)
				RefreshPlugins (1ms)
				BeforeProcessingInitializeOnLoad (91ms)
				ProcessInitializeOnLoadAttributes (209ms)
				ProcessInitializeOnLoadMethodAttributes (5ms)
				AfterProcessingInitializeOnLoad (6ms)
				EditorAssembliesLoaded (0ms)
			ExecutionOrderSort2 (0ms)
			AwakeInstancesAfterBackupRestoration (9ms)
Platform modules already initialized, skipping
Refreshing native plugins compatible for Editor in 0.49 ms, found 3 plugins.
Preloading 0 native plugins for Editor in 0.00 ms.
Unloading 2083 Unused Serialized files (Serialized files now loaded: 0)
System memory in use before: 96.2 MB.
System memory in use after: 96.3 MB.

Unloading 17 unused Assets to reduce memory usage. Loaded Objects now: 2561.
Total: 2.492600 ms (FindLiveObjects: 0.191200 ms CreateObjectMapping: 0.066500 ms MarkObjects: 2.219900 ms  DeleteObjects: 0.014000 ms)

AssetImportParameters requested are different than current active one (requested -> active):
  custom:framework-win-MediaFoundation: 216162199b28c13a410421893ffa2e32 -> 
  custom:video-decoder-ogg-theora: a1e56fd34408186e4bbccfd4996cb3dc -> 
  custom:container-muxer-webm: aa71ff27fc2769a1b78a27578f13a17b -> 
  custom:container-demuxer-webm: 4f35f7cbe854078d1ac9338744f61a02 -> 
  custom:container-demuxer-ogg: 62fdf1f143b41e24485cea50d1cbac27 -> 
  custom:video-encoder-webm-vp8: eb34c28f22e8b96e1ab97ce403110664 -> 
  custom:video-decoder-webm-vp8: 9c59270c3fd7afecdb556c50c9e8de78 -> 
  custom:audio-decoder-ogg-vorbis: bf7c407c2cedff20999df2af8eb42d56 -> 
  custom:audio-encoder-webm-vorbis: bf7c407c2cedff20999df2af8eb42d56 -> 
AssetImportWorkerClient::OnTransportError - code=2 error=End of file
